gvr-360photo/app/build/outputs/logs/manifest-merger-debug-report.txt
-- Merging decision tree log ---
manifest
ADDED from src\main\AndroidManifest.xml:16:1-45:12
	package
		ADDED from src\main\AndroidManifest.xml:17:7-40
	android:versionName
		ADDED from src\main\AndroidManifest.xml:19:7-32
		INJECTED from src\main\AndroidManifest.xml
		INJECTED from src\main\AndroidManifest.xml
	android:versionCode
		ADDED from src\main\AndroidManifest.xml:18:7-30
		INJECTED from src\main\AndroidManifest.xml
		INJECTED from src\main\AndroidManifest.xml
	xmlns:android
		ADDED from src\main\AndroidManifest.xml:16:11-69
uses-sdk
ADDED from src\main\AndroidManifest.xml:21:5-23:41
MERGED from [:framework-debug:] AndroidManifest.xml:23:5-25:41
MERGED from [:google-vr-base:] AndroidManifest.xml:4:5-73
MERGED from [:google-vr-common:] AndroidManifest.xml:3:5-73
	android:targetSdkVersion
		ADDED from src\main\AndroidManifest.xml:23:9-38
		INJECTED from src\main\AndroidManifest.xml
		INJECTED from src\main\AndroidManifest.xml
	android:minSdkVersion
		ADDED from src\main\AndroidManifest.xml:22:9-35
		INJECTED from src\main\AndroidManifest.xml
		INJECTED from src\main\AndroidManifest.xml
uses-permission#android.permission.READ_EXTERNAL_STORAGE
ADDED from src\main\AndroidManifest.xml:25:5-80
MERGED from [:google-vr-base:] AndroidManifest.xml:7:5-79
	android:name
		ADDED from src\main\AndroidManifest.xml:25:22-77
uses-permission#android.permission.ACCESS_NETWORK_STATE
ADDED from src\main\AndroidManifest.xml:26:5-79
	android:name
		ADDED from src\main\AndroidManifest.xml:26:22-76
application
ADDED from src\main\AndroidManifest.xml:30:7-44:19
MERGED from [:framework-debug:] AndroidManifest.xml:31:5-36:19
	android:label
		ADDED from src\main\AndroidManifest.xml:30:20-52
	android:icon
		ADDED from src\main\AndroidManifest.xml:31:20-56
	android:allowBackup
		ADDED from [:framework-debug:] AndroidManifest.xml:32:9-35
	android:theme
		ADDED from src\main\AndroidManifest.xml:32:20-51
meta-data#com.samsung.android.vr.application.mode
ADDED from src\main\AndroidManifest.xml:34:9-100
	android:value
		ADDED from src\main\AndroidManifest.xml:34:75-98
	android:name
		ADDED from src\main\AndroidManifest.xml:34:20-74
activity#org.gearvrf.gvr360Photo.Minimal360PhotoActivity
ADDED from src\main\AndroidManifest.xml:35:9-43:20
	android:screenOrientation
		ADDED from src\main\AndroidManifest.xml:36:19-56
	android:label
		ADDED from src\main\AndroidManifest.xml:38:19-51
	android:launchMode
		ADDED from src\main\AndroidManifest.xml:37:19-50
	android:name
		ADDED from src\main\AndroidManifest.xml:35:19-57
intent-filter#android.intent.action.MAIN+android.intent.category.LAUNCHER
ADDED from src\main\AndroidManifest.xml:39:13-42:29
action#android.intent.action.MAIN
ADDED from src\main\AndroidManifest.xml:40:17-69
	android:name
		ADDED from src\main\AndroidManifest.xml:40:25-66
category#android.intent.category.LAUNCHER
ADDED from src\main\AndroidManifest.xml:41:17-77
	android:name
		ADDED from src\main\AndroidManifest.xml:41:27-74
uses-feature#0x00030000
ADDED from [:framework-debug:] AndroidManifest.xml:27:5-29:35
	android:glEsVersion
		ADDED from [:framework-debug:] AndroidManifest.xml:28:9-41
	android:required
		ADDED from [:framework-debug:] AndroidManifest.xml:29:9-32
uses-feature#0x00020000
ADDED from [:google-vr-base:] AndroidManifest.xml:5:5-77
REJECTED from src\main\AndroidManifest.xml:5:5-77
	android:glEsVersion
		ADDED from [:google-vr-base:] AndroidManifest.xml:5:19-51
	android:required
		ADDED from [:google-vr-base:] AndroidManifest.xml:5:52-75
uses-permission#android.permission.NFC
ADDED from [:google-vr-base:] AndroidManifest.xml:6:5-61
	android:name
		ADDED from [:google-vr-base:] AndroidManifest.xml:6:22-59
uses-permission#android.permission.WRITE_EXTERNAL_STORAGE
ADDED from [:google-vr-base:] AndroidManifest.xml:8:5-80
	android:name
		ADDED from [:google-vr-base:] AndroidManifest.xml:8:22-78
uses-feature#android.software.vr.mode
ADDED from [:google-vr-base:] AndroidManifest.xml:11:5-85
	android:required
		ADDED from [:google-vr-base:] AndroidManifest.xml:11:59-83
	android:name
		ADDED from [:google-vr-base:] AndroidManifest.xml:11:19-58
uses-feature#android.hardware.vr.high_performance
ADDED from [:google-vr-base:] AndroidManifest.xml:12:5-97
	android:required
		ADDED from [:google-vr-base:] AndroidManifest.xml:12:71-95
	android:name
		ADDED from [:google-vr-base:] AndroidManifest.xml:12:19-70